<?xml version="1.0" encoding="UTF-8"?>
<!-- Generated by org.testng.reporters.JUnitReportReporter -->
<testsuite hostname="Afreen" failures="0" tests="1" name="testNG.testannotations" time="0.008" errors="0" timestamp="2023-05-30T19:13:10 PDT" skipped="0">
  <testcase classname="testNG.testannotations" name="f" time="0.008"/>
  <system-out/>
</testsuite> <!-- testNG.testannotations -->
