<?xml version="1.0" encoding="UTF-8"?>
<!-- Generated by org.testng.reporters.JUnitReportReporter -->
<testsuite hostname="Afreen" failures="0" tests="2" name="testNG.dataproviders" time="0.006" errors="0" timestamp="2023-05-30T19:20:18 PDT" skipped="0">
  <testcase classname="testNG.dataproviders" name="f" time="0.001"/>
  <system-out/>
  <testcase classname="testNG.dataproviders" name="f" time="0.005"/>
  <system-out/>
</testsuite> <!-- testNG.dataproviders -->
